2025-07-27 05:22:47,234 - INFO - [OK] ARKK.csv
2025-07-27 05:22:47,252 - INFO - [OK] ARKW.csv
2025-07-27 05:22:47,272 - INFO - [OK] BND.csv
2025-07-27 05:22:47,293 - INFO - [OK] DBB.csv
2025-07-27 05:22:47,315 - INFO - [OK] DBC.csv
2025-07-27 05:22:47,334 - INFO - [OK] DIA.csv
2025-07-27 05:22:47,354 - INFO - [OK] EEM.csv
2025-07-27 05:22:47,377 - INFO - [OK] EFA.csv
2025-07-27 05:22:47,398 - INFO - [OK] EWJ.csv
2025-07-27 05:22:47,418 - INFO - [OK] EWZ.csv
2025-07-27 05:22:47,440 - INFO - [OK] FXI.csv
2025-07-27 05:22:47,462 - INFO - [OK] GLD.csv
2025-07-27 05:22:47,484 - INFO - [OK] HYG.csv
2025-07-27 05:22:47,506 - INFO - [OK] IBB.csv
2025-07-27 05:22:47,526 - INFO - [OK] ITA.csv
2025-07-27 05:22:47,548 - INFO - [OK] IWD.csv
2025-07-27 05:22:47,570 - INFO - [OK] IWF.csv
2025-07-27 05:22:47,591 - INFO - [OK] IWM.csv
2025-07-27 05:22:47,612 - INFO - [OK] IYR.csv
2025-07-27 05:22:47,634 - INFO - [OK] KWEB.csv
2025-07-27 05:22:47,654 - INFO - [OK] LQD.csv
2025-07-27 05:22:47,676 - INFO - [OK] MTUM.csv
2025-07-27 05:22:47,696 - INFO - [OK] QQQ.csv
2025-07-27 05:22:47,716 - INFO - [OK] SLV.csv
2025-07-27 05:22:47,740 - INFO - [OK] SMH.csv
2025-07-27 05:22:47,761 - INFO - [OK] SOXX.csv
2025-07-27 05:22:47,782 - INFO - [OK] SPY.csv
2025-07-27 05:22:47,808 - INFO - [OK] TLT.csv
2025-07-27 05:22:47,832 - INFO - [OK] URA.csv
2025-07-27 05:22:47,854 - INFO - [OK] USMV.csv
2025-07-27 05:22:47,878 - INFO - [OK] UUP.csv
2025-07-27 05:22:47,900 - INFO - [OK] VEA.csv
2025-07-27 05:22:47,920 - INFO - [OK] VNQ.csv
2025-07-27 05:22:47,941 - INFO - [OK] VTI.csv
2025-07-27 05:22:47,964 - INFO - [OK] VTV.csv
2025-07-27 05:22:47,986 - INFO - [OK] VUG.csv
2025-07-27 05:22:48,007 - INFO - [OK] VWO.csv
2025-07-27 05:22:48,029 - INFO - [OK] XBI.csv
2025-07-27 05:22:48,049 - INFO - [OK] XHB.csv
2025-07-27 05:22:48,071 - INFO - [OK] XLB.csv
2025-07-27 05:22:48,092 - INFO - [OK] XLC.csv
2025-07-27 05:22:48,115 - INFO - [OK] XLE.csv
2025-07-27 05:22:48,136 - INFO - [OK] XLF.csv
2025-07-27 05:22:48,157 - INFO - [OK] XLI.csv
2025-07-27 05:22:48,179 - INFO - [OK] XLK.csv
2025-07-27 05:22:48,200 - INFO - [OK] XLU.csv
2025-07-27 05:22:48,221 - INFO - [OK] XLV.csv
2025-07-27 05:22:48,243 - INFO - [OK] XLY.csv
2025-07-27 05:22:48,263 - INFO - [OK] XME.csv
2025-07-27 05:22:48,291 - INFO - [OK] XRT.csv
