2025-07-22 16:52:08,754 - INFO - ÃÑ Æ¼Ä¿ ¼ö: 50°³
2025-07-22 16:52:08,759 - INFO -  - ARKK, ARKW, BND, DBB, DBC
2025-07-22 16:52:08,759 - INFO -  - DIA, EEM, EFA, EWJ, EWZ
2025-07-22 16:52:08,760 - INFO -  - FXI, GLD, HYG, IBB, ITA
2025-07-22 16:52:08,760 - INFO -  - IWD, IWF, IWM, IYR, KWEB
2025-07-22 16:52:08,760 - INFO -  - LQD, MTUM, QQQ, SLV, SMH
2025-07-22 16:52:08,761 - INFO -  - SOXX, SPY, TLT, URA, USMV
2025-07-22 16:52:08,761 - INFO -  - UUP, VEA, VNQ, VTI, VTV
2025-07-22 16:52:08,761 - INFO -  - VUG, VWO, XBI, XHB, XLB
2025-07-22 16:52:08,762 - INFO -  - XLC, XLE, XLF, XLI, XLK
2025-07-22 16:52:08,762 - INFO -  - XLU, XLV, XLY, XME, XRT
2025-07-22 16:52:08,762 - INFO - ===== [Epoch 1/10] =====
2025-07-22 16:52:12,521 - INFO - [SOXX] Loss: 0.6940
2025-07-22 16:52:15,806 - INFO - [SLV] Loss: 0.6930
2025-07-22 16:52:19,697 - INFO - [KWEB] Loss: 0.6922
2025-07-22 16:52:22,057 - INFO - [GLD] Loss: 0.7006
2025-07-22 16:52:24,588 - INFO - [DBC] Loss: 0.6865
2025-07-22 16:52:27,091 - INFO - [XLU] Loss: 0.6866
2025-07-22 16:52:29,349 - INFO - [SPY] Loss: 0.6849
2025-07-22 16:52:33,157 - INFO - [EWZ] Loss: 0.6903
2025-07-22 16:52:35,156 - INFO - [USMV] Loss: 0.6747
2025-07-22 16:52:38,443 - INFO - [IWF] Loss: 0.6828
2025-07-22 16:52:41,280 - INFO - [VEA] Loss: 0.6840
2025-07-22 16:52:44,487 - INFO - [MTUM] Loss: 0.6766
2025-07-22 16:52:45,268 - INFO - [HYG] Loss: 0.7062
2025-07-22 16:52:48,927 - INFO - [DBB] Loss: 0.6874
2025-07-22 16:52:52,041 - INFO - [XLB] Loss: 0.6824
2025-07-22 16:52:55,811 - INFO - [XHB] Loss: 0.6885
2025-07-22 16:53:00,029 - INFO - [FXI] Loss: 0.6967
2025-07-22 16:53:04,310 - INFO - [SMH] Loss: 0.6914
2025-07-22 16:53:07,602 - INFO - [VUG] Loss: 0.6793
2025-07-22 16:53:12,081 - INFO - [ARKK] Loss: 0.6842
2025-07-22 16:53:14,940 - INFO - [XLI] Loss: 0.6725
2025-07-22 16:53:17,999 - INFO - [IYR] Loss: 0.6822
2025-07-22 16:53:20,790 - INFO - [VTI] Loss: 0.6660
2025-07-22 16:53:24,877 - INFO - [XME] Loss: 0.6792
2025-07-22 16:53:29,025 - INFO - [XLE] Loss: 0.6889
2025-07-22 16:53:30,013 - INFO - [UUP] Loss: 0.6946
2025-07-22 16:53:34,288 - INFO - [URA] Loss: 0.6885
2025-07-22 16:53:35,736 - INFO - [LQD] Loss: 0.6941
2025-07-22 16:53:39,126 - INFO - [QQQ] Loss: 0.6821
2025-07-22 16:53:42,260 - INFO - [XLF] Loss: 0.6724
2025-07-22 16:53:44,733 - INFO - [XLV] Loss: 0.6841
2025-07-22 16:53:47,837 - INFO - [VWO] Loss: 0.6763
2025-07-22 16:53:50,925 - INFO - [VNQ] Loss: 0.6660
2025-07-22 16:53:54,506 - INFO - [XLK] Loss: 0.6623
2025-07-22 16:53:58,102 - INFO - [IBB] Loss: 0.6875
2025-07-22 16:54:01,873 - INFO - [XRT] Loss: 0.6744
2025-07-22 16:54:05,463 - INFO - [XLY] Loss: 0.6658
2025-07-22 16:54:06,125 - INFO - [BND] Loss: 0.7535
2025-07-22 16:54:09,245 - INFO - [TLT] Loss: 0.7000
2025-07-22 16:54:13,342 - INFO - [XBI] Loss: 0.6875
2025-07-22 16:54:15,838 - INFO - [DIA] Loss: 0.6805
2025-07-22 16:54:18,149 - INFO - [VTV] Loss: 0.6692
2025-07-22 16:54:21,397 - INFO - [EEM] Loss: 0.6727
2025-07-22 16:54:24,789 - INFO - [EWJ] Loss: 0.6717
2025-07-22 16:54:28,015 - INFO - [ITA] Loss: 0.6678
2025-07-22 16:54:30,362 - INFO - [IWD] Loss: 0.6507
2025-07-22 16:54:33,972 - INFO - [IWM] Loss: 0.6818
2025-07-22 16:54:38,791 - INFO - [ARKW] Loss: 0.6708
2025-07-22 16:54:41,792 - INFO - [EFA] Loss: 0.6535
2025-07-22 16:54:45,058 - INFO - [XLC] Loss: 0.6624
2025-07-22 16:54:45,059 - INFO - ===== [Epoch 2/10] =====
2025-07-22 16:54:48,358 - INFO - [EEM] Loss: 0.6545
2025-07-22 16:54:50,674 - INFO - [VTV] Loss: 0.6472
2025-07-22 16:54:54,256 - INFO - [DBB] Loss: 0.6885
2025-07-22 16:54:57,682 - INFO - [IWF] Loss: 0.6559
2025-07-22 16:55:02,207 - INFO - [ARKK] Loss: 0.6721
2025-07-22 16:55:05,321 - INFO - [XLF] Loss: 0.6579
2025-07-22 16:55:09,341 - INFO - [SLV] Loss: 0.6851
2025-07-22 16:55:13,618 - INFO - [SOXX] Loss: 0.6668
2025-07-22 16:55:17,328 - INFO - [XHB] Loss: 0.6752
2025-07-22 16:55:20,066 - INFO - [GLD] Loss: 0.6812
2025-07-22 16:55:23,436 - INFO - [QQQ] Loss: 0.6494
2025-07-22 16:55:26,351 - INFO - [VEA] Loss: 0.6285
2025-07-22 16:55:29,467 - INFO - [TLT] Loss: 0.7213
2025-07-22 16:55:32,248 - INFO - [VTI] Loss: 0.6611
2025-07-22 16:55:36,394 - INFO - [FXI] Loss: 0.6902
2025-07-22 16:55:38,794 - INFO - [IWD] Loss: 0.6614
2025-07-22 16:55:41,704 - INFO - [EFA] Loss: 0.6450
2025-07-22 16:55:46,012 - INFO - [SMH] Loss: 0.6731
2025-07-22 16:55:46,970 - INFO - [UUP] Loss: 0.7090
2025-07-22 16:55:47,623 - INFO - [BND] Loss: 0.7117
2025-07-22 16:55:50,098 - INFO - [XLV] Loss: 0.6792
2025-07-22 16:55:53,165 - INFO - [IYR] Loss: 0.6755
2025-07-22 16:55:56,328 - INFO - [VNQ] Loss: 0.6629
2025-07-22 16:55:59,480 - INFO - [VWO] Loss: 0.6643
2025-07-22 16:56:01,015 - INFO - [LQD] Loss: 0.6800
2025-07-22 16:56:04,069 - INFO - [XLC] Loss: 0.6535
2025-07-22 16:56:07,433 - INFO - [MTUM] Loss: 0.6430
2025-07-22 16:56:12,061 - INFO - [URA] Loss: 0.6909
2025-07-22 16:56:15,135 - INFO - [XLI] Loss: 0.6568
2025-07-22 16:56:18,716 - INFO - [XLK] Loss: 0.6399
2025-07-22 16:56:20,762 - INFO - [USMV] Loss: 0.6501
2025-07-22 16:56:25,429 - INFO - [ARKW] Loss: 0.6549
2025-07-22 16:56:28,196 - INFO - [SPY] Loss: 0.6192
2025-07-22 16:56:31,439 - INFO - [EWJ] Loss: 0.6507
2025-07-22 16:56:34,948 - INFO - [IWM] Loss: 0.6478
2025-07-22 16:56:38,074 - INFO - [ITA] Loss: 0.6797
2025-07-22 16:56:41,218 - INFO - [XLB] Loss: 0.6560
2025-07-22 16:56:45,628 - INFO - [KWEB] Loss: 0.6882
2025-07-22 16:56:48,814 - INFO - [DBC] Loss: 0.6874
2025-07-22 16:56:49,656 - INFO - [HYG] Loss: 0.6966
2025-07-22 16:56:53,949 - INFO - [XLY] Loss: 0.6692
2025-07-22 16:56:59,377 - INFO - [XME] Loss: 0.6652
2025-07-22 16:57:07,953 - INFO - [XBI] Loss: 0.6659
2025-07-22 16:57:13,148 - INFO - [DIA] Loss: 0.6387
2025-07-22 16:57:18,310 - INFO - [VUG] Loss: 0.6284
2025-07-22 16:57:23,170 - INFO - [XRT] Loss: 0.6577
2025-07-22 16:57:26,533 - INFO - [XLU] Loss: 0.6687
2025-07-22 16:57:30,633 - INFO - [XLE] Loss: 0.6838
2025-07-22 16:57:35,120 - INFO - [EWZ] Loss: 0.6727
2025-07-22 16:57:38,939 - INFO - [IBB] Loss: 0.6612
2025-07-22 16:57:38,939 - INFO - ===== [Epoch 3/10] =====
2025-07-22 16:57:42,075 - INFO - [VNQ] Loss: 0.6343
2025-07-22 16:57:43,035 - INFO - [UUP] Loss: 0.7387
2025-07-22 16:57:46,412 - INFO - [QQQ] Loss: 0.6196
2025-07-22 16:57:50,719 - INFO - [FXI] Loss: 0.6942
2025-07-22 16:57:55,428 - INFO - [SMH] Loss: 0.6610
2025-07-22 16:57:56,344 - INFO - [BND] Loss: 0.7284
2025-07-22 16:58:00,596 - INFO - [SLV] Loss: 0.6823
2025-07-22 16:58:02,735 - INFO - [USMV] Loss: 0.6609
2025-07-22 16:58:06,122 - INFO - [VWO] Loss: 0.6500
2025-07-22 16:58:09,535 - INFO - [EEM] Loss: 0.6349
2025-07-22 16:58:12,767 - INFO - [MTUM] Loss: 0.6275
2025-07-22 16:58:15,935 - INFO - [IYR] Loss: 0.6370
2025-07-22 16:58:21,028 - INFO - [KWEB] Loss: 0.6916
2025-07-22 16:58:25,593 - INFO - [XLY] Loss: 0.6570
2025-07-22 16:58:26,427 - INFO - [HYG] Loss: 0.6976
2025-07-22 16:58:29,151 - INFO - [SPY] Loss: 0.6178
2025-07-22 16:58:32,306 - INFO - [TLT] Loss: 0.7154
2025-07-22 16:58:34,830 - INFO - [DIA] Loss: 0.6534
2025-07-22 16:58:39,282 - INFO - [XLE] Loss: 0.6836
2025-07-22 16:58:42,579 - INFO - [XLF] Loss: 0.6496
2025-07-22 16:58:45,500 - INFO - [XLU] Loss: 0.6645
2025-07-22 16:58:48,335 - INFO - [XLI] Loss: 0.6264
2025-07-22 16:58:51,586 - INFO - [IWF] Loss: 0.6089
2025-07-22 16:58:53,844 - INFO - [VTV] Loss: 0.6167
2025-07-22 16:58:55,237 - INFO - [LQD] Loss: 0.7032
2025-07-22 16:58:58,920 - INFO - [DBB] Loss: 0.6816
2025-07-22 16:59:03,021 - INFO - [EWZ] Loss: 0.6700
2025-07-22 16:59:06,267 - INFO - [EWJ] Loss: 0.6500
2025-07-22 16:59:10,963 - INFO - [ARKK] Loss: 0.6532
2025-07-22 16:59:15,539 - INFO - [SOXX] Loss: 0.6404
2025-07-22 16:59:18,674 - INFO - [VEA] Loss: 0.6117
2025-07-22 16:59:23,181 - INFO - [XBI] Loss: 0.6523
2025-07-22 16:59:27,775 - INFO - [URA] Loss: 0.6657
2025-07-22 16:59:31,761 - INFO - [DBC] Loss: 0.6746
2025-07-22 16:59:38,980 - INFO - [IWM] Loss: 0.6422
2025-07-22 16:59:43,129 - INFO - [ITA] Loss: 0.6340
2025-07-22 16:59:49,181 - INFO - [IWD] Loss: 0.6309
2025-07-22 16:59:55,359 - INFO - [XHB] Loss: 0.6545
2025-07-22 16:59:59,646 - INFO - [EFA] Loss: 0.6224
2025-07-22 17:00:03,601 - INFO - [GLD] Loss: 0.6937
2025-07-22 17:00:08,102 - INFO - [XLK] Loss: 0.6147
2025-07-22 17:00:11,810 - INFO - [VUG] Loss: 0.6036
2025-07-22 17:00:15,266 - INFO - [XLC] Loss: 0.6059
2025-07-22 17:00:20,493 - INFO - [ARKW] Loss: 0.6349
2025-07-22 17:00:25,423 - INFO - [XME] Loss: 0.6525
2025-07-22 17:00:29,397 - INFO - [IBB] Loss: 0.6458
2025-07-22 17:00:32,358 - INFO - [XLV] Loss: 0.6578
2025-07-22 17:00:36,708 - INFO - [XRT] Loss: 0.6494
2025-07-22 17:00:40,116 - INFO - [XLB] Loss: 0.6367
2025-07-22 17:00:43,371 - INFO - [VTI] Loss: 0.5915
2025-07-22 17:00:43,372 - INFO - ===== [Epoch 4/10] =====
2025-07-22 17:00:47,210 - INFO - [XLB] Loss: 0.6165
2025-07-22 17:00:52,375 - INFO - [ARKK] Loss: 0.6467
2025-07-22 17:00:53,074 - INFO - [BND] Loss: 0.7531
2025-07-22 17:00:57,099 - INFO - [XLY] Loss: 0.6216
2025-07-22 17:01:01,318 - INFO - [XHB] Loss: 0.6405
2025-07-22 17:01:02,726 - INFO - [LQD] Loss: 0.7224
2025-07-22 17:01:06,211 - INFO - [IWF] Loss: 0.5888
2025-07-22 17:01:10,061 - INFO - [VUG] Loss: 0.5821
2025-07-22 17:01:13,762 - INFO - [EWJ] Loss: 0.6478
2025-07-22 17:01:16,639 - INFO - [DIA] Loss: 0.6063
2025-07-22 17:01:17,579 - INFO - [HYG] Loss: 0.7130
2025-07-22 17:01:20,957 - INFO - [VWO] Loss: 0.6377
2025-07-22 17:01:24,097 - INFO - [XLI] Loss: 0.6189
2025-07-22 17:01:28,137 - INFO - [IWM] Loss: 0.6063
2025-07-22 17:01:32,129 - INFO - [IBB] Loss: 0.6408
2025-07-22 17:01:37,084 - INFO - [SMH] Loss: 0.6457
2025-07-22 17:01:41,298 - INFO - [XBI] Loss: 0.6347
2025-07-22 17:01:44,617 - INFO - [VEA] Loss: 0.6098
2025-07-22 17:01:47,827 - INFO - [GLD] Loss: 0.6906
2025-07-22 17:01:51,502 - INFO - [QQQ] Loss: 0.5823
2025-07-22 17:01:55,739 - INFO - [XLE] Loss: 0.6872
2025-07-22 17:01:59,357 - INFO - [ITA] Loss: 0.6316
2025-07-22 17:02:00,518 - INFO - [UUP] Loss: 0.7395
2025-07-22 17:02:02,900 - INFO - [USMV] Loss: 0.6352
2025-07-22 17:02:05,569 - INFO - [IWD] Loss: 0.6104
2025-07-22 17:02:09,332 - INFO - [DBB] Loss: 0.6679
2025-07-22 17:02:13,632 - INFO - [EWZ] Loss: 0.6671
2025-07-22 17:02:18,902 - INFO - [ARKW] Loss: 0.6406
2025-07-22 17:02:23,338 - INFO - [FXI] Loss: 0.6751
2025-07-22 17:02:26,535 - INFO - [EFA] Loss: 0.6157
2025-07-22 17:02:29,630 - INFO - [SPY] Loss: 0.5776
2025-07-22 17:02:33,098 - INFO - [XLU] Loss: 0.6709
2025-07-22 17:02:37,205 - INFO - [XRT] Loss: 0.6313
2025-07-22 17:02:40,468 - INFO - [DBC] Loss: 0.6779
2025-07-22 17:02:43,490 - INFO - [VTI] Loss: 0.5868
2025-07-22 17:02:46,153 - INFO - [VTV] Loss: 0.5848
2025-07-22 17:02:49,924 - INFO - [EEM] Loss: 0.6148
2025-07-22 17:02:54,593 - INFO - [KWEB] Loss: 0.6746
2025-07-22 17:02:58,084 - INFO - [XLC] Loss: 0.6086
2025-07-22 17:03:01,693 - INFO - [XLF] Loss: 0.6168
2025-07-22 17:03:05,822 - INFO - [XLK] Loss: 0.5772
2025-07-22 17:03:10,061 - INFO - [SLV] Loss: 0.6905
2025-07-22 17:03:14,594 - INFO - [XME] Loss: 0.6312
2025-07-22 17:03:18,139 - INFO - [IYR] Loss: 0.6093
2025-07-22 17:03:22,899 - INFO - [URA] Loss: 0.6455
2025-07-22 17:03:26,097 - INFO - [TLT] Loss: 0.7225
2025-07-22 17:03:28,897 - INFO - [XLV] Loss: 0.6628
2025-07-22 17:03:32,423 - INFO - [VNQ] Loss: 0.6178
2025-07-22 17:03:37,394 - INFO - [SOXX] Loss: 0.6237
2025-07-22 17:03:40,762 - INFO - [MTUM] Loss: 0.5823
2025-07-22 17:03:40,762 - INFO - ===== [Epoch 5/10] =====
2025-07-22 17:03:45,020 - INFO - [EWZ] Loss: 0.6809
2025-07-22 17:03:48,247 - INFO - [SPY] Loss: 0.5709
2025-07-22 17:03:50,623 - INFO - [USMV] Loss: 0.6038
2025-07-22 17:03:53,704 - INFO - [GLD] Loss: 0.6795
2025-07-22 17:03:57,051 - INFO - [XLF] Loss: 0.5985
2025-07-22 17:04:00,956 - INFO - [DBB] Loss: 0.6552
2025-07-22 17:04:05,327 - INFO - [XRT] Loss: 0.6217
2025-07-22 17:04:08,293 - INFO - [DIA] Loss: 0.5898
2025-07-22 17:04:09,809 - INFO - [LQD] Loss: 0.7055
2025-07-22 17:04:14,925 - INFO - [IWM] Loss: 0.5825
2025-07-22 17:04:23,870 - INFO - [VWO] Loss: 0.6006
2025-07-22 17:04:30,837 - INFO - [EFA] Loss: 0.5884
2025-07-22 17:04:42,861 - INFO - [SOXX] Loss: 0.6250
2025-07-22 17:04:50,184 - INFO - [XLE] Loss: 0.6737
2025-07-22 17:04:56,625 - INFO - [XLI] Loss: 0.6082
2025-07-22 17:05:04,661 - INFO - [QQQ] Loss: 0.5728
2025-07-22 17:05:09,948 - INFO - [IWD] Loss: 0.5534
2025-07-22 17:05:12,255 - INFO - [UUP] Loss: 0.7792
2025-07-22 17:05:19,206 - INFO - [XLU] Loss: 0.6765
2025-07-22 17:05:25,200 - INFO - [VEA] Loss: 0.6027
2025-07-22 17:05:30,783 - INFO - [IWF] Loss: 0.5667
2025-07-22 17:05:34,102 - INFO - [TLT] Loss: 0.7389
2025-07-22 17:05:38,430 - INFO - [XME] Loss: 0.6342
2025-07-22 17:05:42,089 - INFO - [EWJ] Loss: 0.6304
2025-07-22 17:05:44,936 - INFO - [XLV] Loss: 0.6375
2025-07-22 17:05:49,407 - INFO - [XBI] Loss: 0.6287
2025-07-22 17:05:50,098 - INFO - [BND] Loss: 0.7475
2025-07-22 17:05:50,896 - INFO - [HYG] Loss: 0.6946
2025-07-22 17:05:55,811 - INFO - [ARKW] Loss: 0.6074
2025-07-22 17:06:00,882 - INFO - [SLV] Loss: 0.6736
2025-07-22 17:06:04,241 - INFO - [VNQ] Loss: 0.6059
2025-07-22 17:06:07,226 - INFO - [VTI] Loss: 0.5623
2025-07-22 17:06:10,696 - INFO - [EEM] Loss: 0.6027
2025-07-22 17:06:14,844 - INFO - [XLY] Loss: 0.5846
2025-07-22 17:06:18,320 - INFO - [IYR] Loss: 0.5881
2025-07-22 17:06:21,549 - INFO - [XLB] Loss: 0.5938
2025-07-22 17:06:24,974 - INFO - [XLC] Loss: 0.5699
2025-07-22 17:06:29,298 - INFO - [XLK] Loss: 0.5412
2025-07-22 17:06:34,169 - INFO - [URA] Loss: 0.6469
2025-07-22 17:06:36,593 - INFO - [VTV] Loss: 0.5962
2025-07-22 17:06:41,223 - INFO - [KWEB] Loss: 0.6771
2025-07-22 17:06:46,417 - INFO - [ARKK] Loss: 0.6281
2025-07-22 17:06:50,312 - INFO - [ITA] Loss: 0.6085
2025-07-22 17:06:54,186 - INFO - [XHB] Loss: 0.6075
2025-07-22 17:06:58,392 - INFO - [IBB] Loss: 0.6172
2025-07-22 17:07:04,676 - INFO - [SMH] Loss: 0.5936
2025-07-22 17:07:10,989 - INFO - [VUG] Loss: 0.5425
2025-07-22 17:07:15,305 - INFO - [MTUM] Loss: 0.5458
2025-07-22 17:07:19,490 - INFO - [DBC] Loss: 0.6957
2025-07-22 17:07:24,958 - INFO - [FXI] Loss: 0.6728
2025-07-22 17:07:24,959 - INFO - ===== [Epoch 6/10] =====
2025-07-22 17:07:29,134 - INFO - [EEM] Loss: 0.6260
2025-07-22 17:07:33,108 - INFO - [VWO] Loss: 0.5858
2025-07-22 17:07:36,059 - INFO - [IWD] Loss: 0.5531
2025-07-22 17:07:39,508 - INFO - [XLU] Loss: 0.6852
2025-07-22 17:07:43,030 - INFO - [VNQ] Loss: 0.5844
2025-07-22 17:07:46,799 - INFO - [IWM] Loss: 0.5735
2025-07-22 17:07:49,791 - INFO - [VEA] Loss: 0.5854
2025-07-22 17:07:52,185 - INFO - [VTV] Loss: 0.5412
2025-07-22 17:07:57,079 - INFO - [ARKK] Loss: 0.6166
2025-07-22 17:08:02,075 - INFO - [DBC] Loss: 0.6680
2025-07-22 17:08:05,685 - INFO - [XLI] Loss: 0.5885
2025-07-22 17:08:06,439 - INFO - [BND] Loss: 0.7386
2025-07-22 17:08:10,374 - INFO - [XHB] Loss: 0.6054
2025-07-22 17:08:14,629 - INFO - [XME] Loss: 0.6324
2025-07-22 17:08:17,868 - INFO - [XLB] Loss: 0.5844
2025-07-22 17:08:22,351 - INFO - [URA] Loss: 0.6234
2025-07-22 17:08:25,363 - INFO - [VTI] Loss: 0.5304
2025-07-22 17:08:28,971 - INFO - [IWF] Loss: 0.4981
2025-07-22 17:08:33,132 - INFO - [XBI] Loss: 0.6377
2025-07-22 17:08:35,971 - INFO - [SPY] Loss: 0.5147
2025-07-22 17:08:39,517 - INFO - [IBB] Loss: 0.5944
2025-07-22 17:08:43,259 - INFO - [XLY] Loss: 0.5492
2025-07-22 17:08:46,632 - INFO - [EWJ] Loss: 0.6094
2025-07-22 17:08:49,975 - INFO - [XLC] Loss: 0.5482
2025-07-22 17:08:54,153 - INFO - [XLE] Loss: 0.6667
2025-07-22 17:08:58,048 - INFO - [DBB] Loss: 0.6432
2025-07-22 17:09:00,625 - INFO - [DIA] Loss: 0.5833
2025-07-22 17:09:05,465 - INFO - [KWEB] Loss: 0.6494
2025-07-22 17:09:08,429 - INFO - [XLV] Loss: 0.6538
2025-07-22 17:09:12,574 - INFO - [XLK] Loss: 0.5425
2025-07-22 17:09:14,708 - INFO - [USMV] Loss: 0.5639
2025-07-22 17:09:18,894 - INFO - [EWZ] Loss: 0.6747
2025-07-22 17:09:21,746 - INFO - [GLD] Loss: 0.6827
2025-07-22 17:09:25,095 - INFO - [MTUM] Loss: 0.5637
2025-07-22 17:09:28,451 - INFO - [ITA] Loss: 0.5950
2025-07-22 17:09:31,706 - INFO - [XLF] Loss: 0.5655
2025-07-22 17:09:36,032 - INFO - [FXI] Loss: 0.6624
2025-07-22 17:09:40,281 - INFO - [SLV] Loss: 0.6607
2025-07-22 17:09:41,364 - INFO - [UUP] Loss: 0.7143
2025-07-22 17:09:44,364 - INFO - [EFA] Loss: 0.5987
2025-07-22 17:09:45,165 - INFO - [HYG] Loss: 0.6659
2025-07-22 17:09:46,635 - INFO - [LQD] Loss: 0.6851
2025-07-22 17:09:51,419 - INFO - [ARKW] Loss: 0.5960
2025-07-22 17:09:54,619 - INFO - [IYR] Loss: 0.5662
2025-07-22 17:09:59,309 - INFO - [SMH] Loss: 0.5701
2025-07-22 17:10:04,275 - INFO - [SOXX] Loss: 0.5549
2025-07-22 17:10:07,958 - INFO - [QQQ] Loss: 0.5050
2025-07-22 17:10:11,903 - INFO - [XRT] Loss: 0.5988
2025-07-22 17:10:15,089 - INFO - [TLT] Loss: 0.7435
2025-07-22 17:10:18,541 - INFO - [VUG] Loss: 0.5365
2025-07-22 17:10:18,542 - INFO - ===== [Epoch 7/10] =====
2025-07-22 17:10:21,757 - INFO - [DBC] Loss: 0.6722
2025-07-22 17:10:26,725 - INFO - [ARKW] Loss: 0.5689
2025-07-22 17:10:30,976 - INFO - [EWZ] Loss: 0.6550
2025-07-22 17:10:34,166 - INFO - [XLB] Loss: 0.5886
2025-07-22 17:10:38,680 - INFO - [SOXX] Loss: 0.5541
2025-07-22 17:10:39,448 - INFO - [HYG] Loss: 0.6697
2025-07-22 17:10:42,739 - INFO - [EEM] Loss: 0.5690
2025-07-22 17:10:45,321 - INFO - [XLV] Loss: 0.6296
2025-07-22 17:10:46,371 - INFO - [UUP] Loss: 0.7150
2025-07-22 17:10:50,591 - INFO - [XLE] Loss: 0.6397
2025-07-22 17:10:53,871 - INFO - [XLF] Loss: 0.5675
2025-07-22 17:10:58,102 - INFO - [XHB] Loss: 0.5704
2025-07-22 17:11:01,523 - INFO - [IWF] Loss: 0.4799
2025-07-22 17:11:04,028 - INFO - [DIA] Loss: 0.5162
2025-07-22 17:11:07,372 - INFO - [EWJ] Loss: 0.6119
2025-07-22 17:11:12,549 - INFO - [KWEB] Loss: 0.6378
2025-07-22 17:11:16,043 - INFO - [EFA] Loss: 0.5743
2025-07-22 17:11:20,162 - INFO - [TLT] Loss: 0.7163
2025-07-22 17:11:23,122 - INFO - [VEA] Loss: 0.5375
2025-07-22 17:11:28,160 - INFO - [ARKK] Loss: 0.5720
2025-07-22 17:11:29,719 - INFO - [LQD] Loss: 0.7192
2025-07-22 17:11:32,924 - INFO - [VTI] Loss: 0.4796
2025-07-22 17:11:36,311 - INFO - [XLC] Loss: 0.5367
2025-07-22 17:11:40,820 - INFO - [SMH] Loss: 0.5596
2025-07-22 17:11:44,611 - INFO - [XLY] Loss: 0.5273
2025-07-22 17:11:48,984 - INFO - [XME] Loss: 0.6103
2025-07-22 17:11:51,609 - INFO - [IWD] Loss: 0.5280
2025-07-22 17:11:55,984 - INFO - [XLK] Loss: 0.5097
2025-07-22 17:12:00,446 - INFO - [VWO] Loss: 0.5792
2025-07-22 17:12:03,936 - INFO - [SPY] Loss: 0.4403
2025-07-22 17:12:08,631 - INFO - [XBI] Loss: 0.6190
2025-07-22 17:12:12,787 - INFO - [ITA] Loss: 0.6008
2025-07-22 17:12:15,935 - INFO - [VTV] Loss: 0.5101
2025-07-22 17:12:19,904 - INFO - [DBB] Loss: 0.6492
2025-07-22 17:12:24,554 - INFO - [URA] Loss: 0.6123
2025-07-22 17:12:29,460 - INFO - [FXI] Loss: 0.6354
2025-07-22 17:12:32,879 - INFO - [VNQ] Loss: 0.5567
2025-07-22 17:12:33,583 - INFO - [BND] Loss: 0.7424
2025-07-22 17:12:37,330 - INFO - [IWM] Loss: 0.5413
2025-07-22 17:12:40,563 - INFO - [IYR] Loss: 0.5165
2025-07-22 17:12:44,102 - INFO - [QQQ] Loss: 0.4740
2025-07-22 17:12:47,111 - INFO - [XLI] Loss: 0.5406
2025-07-22 17:12:50,584 - INFO - [MTUM] Loss: 0.5030
2025-07-22 17:12:53,553 - INFO - [GLD] Loss: 0.7305
2025-07-22 17:12:55,784 - INFO - [USMV] Loss: 0.5576
2025-07-22 17:13:00,231 - INFO - [SLV] Loss: 0.6572
2025-07-22 17:13:03,873 - INFO - [VUG] Loss: 0.5025
2025-07-22 17:13:07,264 - INFO - [XLU] Loss: 0.6373
2025-07-22 17:13:11,163 - INFO - [IBB] Loss: 0.5895
2025-07-22 17:13:15,187 - INFO - [XRT] Loss: 0.5746
2025-07-22 17:13:15,187 - INFO - ===== [Epoch 8/10] =====
2025-07-22 17:13:18,157 - INFO - [SPY] Loss: 0.4474
2025-07-22 17:13:20,934 - INFO - [IWD] Loss: 0.4888
2025-07-22 17:13:24,775 - INFO - [XLK] Loss: 0.4804
2025-07-22 17:13:25,604 - INFO - [HYG] Loss: 0.6925
2025-07-22 17:13:30,051 - INFO - [XHB] Loss: 0.5419
2025-07-22 17:13:34,629 - INFO - [EWZ] Loss: 0.6511
2025-07-22 17:13:37,278 - INFO - [XLV] Loss: 0.6117
2025-07-22 17:13:40,786 - INFO - [IWF] Loss: 0.4742
2025-07-22 17:13:45,197 - INFO - [XME] Loss: 0.5922
2025-07-22 17:13:48,790 - INFO - [VUG] Loss: 0.4146
2025-07-22 17:13:50,380 - INFO - [LQD] Loss: 0.7097
2025-07-22 17:13:55,784 - INFO - [ARKW] Loss: 0.5468
2025-07-22 17:13:59,758 - INFO - [VNQ] Loss: 0.5181
2025-07-22 17:14:02,407 - INFO - [DIA] Loss: 0.5084
2025-07-22 17:14:05,821 - INFO - [EWJ] Loss: 0.5808
2025-07-22 17:14:09,333 - INFO - [MTUM] Loss: 0.4773
2025-07-22 17:14:11,670 - INFO - [USMV] Loss: 0.5116
2025-07-22 17:14:15,671 - INFO - [ITA] Loss: 0.5698
2025-07-22 17:14:27,436 - INFO - [XLY] Loss: 0.5104
2025-07-22 17:14:35,027 - INFO - [VTI] Loss: 0.4275
2025-07-22 17:14:42,553 - INFO - [XLI] Loss: 0.4952
2025-07-22 17:14:44,042 - INFO - [BND] Loss: 0.8119
2025-07-22 17:14:48,107 - INFO - [IYR] Loss: 0.4988
2025-07-22 17:15:15,071 - INFO - [XLE] Loss: 0.6521
2025-07-22 17:15:21,058 - INFO - [XRT] Loss: 0.5643
2025-07-22 17:15:25,439 - INFO - [SLV] Loss: 0.6640
2025-07-22 17:15:28,770 - INFO - [TLT] Loss: 0.7029
2025-07-22 17:15:31,883 - INFO - [GLD] Loss: 0.6716
2025-07-22 17:15:36,515 - INFO - [XBI] Loss: 0.6097
2025-07-22 17:15:40,107 - INFO - [QQQ] Loss: 0.5014
2025-07-22 17:15:43,332 - INFO - [XLB] Loss: 0.5616
2025-07-22 17:15:47,245 - INFO - [IBB] Loss: 0.5666
2025-07-22 17:15:50,645 - INFO - [XLU] Loss: 0.6187
2025-07-22 17:15:54,118 - INFO - [EEM] Loss: 0.5632
2025-07-22 17:15:58,196 - INFO - [IWM] Loss: 0.5025
2025-07-22 17:16:02,765 - INFO - [FXI] Loss: 0.6503
2025-07-22 17:16:06,327 - INFO - [DBC] Loss: 0.6653
2025-07-22 17:16:10,153 - INFO - [DBB] Loss: 0.6408
2025-07-22 17:16:15,250 - INFO - [ARKK] Loss: 0.5692
2025-07-22 17:16:21,077 - INFO - [URA] Loss: 0.5986
2025-07-22 17:16:24,699 - INFO - [VWO] Loss: 0.5225
2025-07-22 17:16:28,083 - INFO - [XLF] Loss: 0.5336
2025-07-22 17:16:31,074 - INFO - [VEA] Loss: 0.4880
2025-07-22 17:16:36,029 - INFO - [SMH] Loss: 0.5295
2025-07-22 17:16:40,917 - INFO - [KWEB] Loss: 0.6291
2025-07-22 17:16:45,712 - INFO - [SOXX] Loss: 0.5135
2025-07-22 17:16:49,491 - INFO - [XLC] Loss: 0.5179
2025-07-22 17:16:50,725 - INFO - [UUP] Loss: 0.7016
2025-07-22 17:16:54,221 - INFO - [EFA] Loss: 0.5054
2025-07-22 17:16:56,820 - INFO - [VTV] Loss: 0.4949
2025-07-22 17:16:56,821 - INFO - ===== [Epoch 9/10] =====
2025-07-22 17:16:59,114 - INFO - [USMV] Loss: 0.4882
2025-07-22 17:17:02,730 - INFO - [MTUM] Loss: 0.4644
2025-07-22 17:17:06,444 - INFO - [DBC] Loss: 0.6605
2025-07-22 17:17:10,181 - INFO - [XLF] Loss: 0.5017
2025-07-22 17:17:13,337 - INFO - [TLT] Loss: 0.7097
2025-07-22 17:17:16,338 - INFO - [XLI] Loss: 0.5275
2025-07-22 17:17:17,977 - INFO - [LQD] Loss: 0.6518
2025-07-22 17:17:22,755 - INFO - [EWZ] Loss: 0.6337
2025-07-22 17:17:25,908 - INFO - [XLU] Loss: 0.6114
2025-07-22 17:17:29,076 - INFO - [EFA] Loss: 0.5114
2025-07-22 17:17:33,552 - INFO - [XRT] Loss: 0.5441
2025-07-22 17:17:37,197 - INFO - [EWJ] Loss: 0.5720
2025-07-22 17:17:40,573 - INFO - [VNQ] Loss: 0.4921
2025-07-22 17:17:43,957 - INFO - [EEM] Loss: 0.5203
2025-07-22 17:17:47,900 - INFO - [XLY] Loss: 0.4760
2025-07-22 17:17:51,739 - INFO - [IYR] Loss: 0.4514
2025-07-22 17:17:56,706 - INFO - [SMH] Loss: 0.5121
2025-07-22 17:17:59,387 - INFO - [DIA] Loss: 0.4674
2025-07-22 17:18:03,097 - INFO - [ITA] Loss: 0.5446
2025-07-22 17:18:06,779 - INFO - [XLB] Loss: 0.5236
2025-07-22 17:18:07,675 - INFO - [HYG] Loss: 0.6383
2025-07-22 17:18:11,515 - INFO - [IBB] Loss: 0.5662
2025-07-22 17:18:16,168 - INFO - [KWEB] Loss: 0.6163
2025-07-22 17:18:16,843 - INFO - [BND] Loss: 0.7272
2025-07-22 17:18:19,645 - INFO - [XLV] Loss: 0.5880
2025-07-22 17:18:25,100 - INFO - [ARKW] Loss: 0.5434
2025-07-22 17:18:27,812 - INFO - [IWD] Loss: 0.4702
2025-07-22 17:18:32,610 - INFO - [ARKK] Loss: 0.5096
2025-07-22 17:18:37,215 - INFO - [SLV] Loss: 0.6872
2025-07-22 17:18:42,422 - INFO - [QQQ] Loss: 0.4939
2025-07-22 17:18:47,838 - INFO - [XBI] Loss: 0.5779
2025-07-22 17:18:53,156 - INFO - [URA] Loss: 0.5877
2025-07-22 17:18:56,701 - INFO - [VTI] Loss: 0.4147
2025-07-22 17:19:00,574 - INFO - [VWO] Loss: 0.5087
2025-07-22 17:19:06,258 - INFO - [XME] Loss: 0.5690
2025-07-22 17:19:07,483 - INFO - [UUP] Loss: 0.6739
2025-07-22 17:19:10,984 - INFO - [VEA] Loss: 0.4666
2025-07-22 17:19:14,573 - INFO - [XLC] Loss: 0.5037
2025-07-22 17:19:18,554 - INFO - [DBB] Loss: 0.6428
2025-07-22 17:19:23,093 - INFO - [XLE] Loss: 0.6182
2025-07-22 17:19:27,687 - INFO - [XLK] Loss: 0.5007
2025-07-22 17:19:31,511 - INFO - [IWM] Loss: 0.4890
2025-07-22 17:19:35,012 - INFO - [VUG] Loss: 0.4424
2025-07-22 17:19:38,911 - INFO - [XHB] Loss: 0.5671
2025-07-22 17:19:42,404 - INFO - [IWF] Loss: 0.4175
2025-07-22 17:19:45,283 - INFO - [SPY] Loss: 0.4120
2025-07-22 17:19:47,716 - INFO - [VTV] Loss: 0.4806
2025-07-22 17:19:50,591 - INFO - [GLD] Loss: 0.7001
2025-07-22 17:19:55,167 - INFO - [SOXX] Loss: 0.5396
2025-07-22 17:19:59,742 - INFO - [FXI] Loss: 0.6309
2025-07-22 17:19:59,743 - INFO - ===== [Epoch 10/10] =====
2025-07-22 17:20:02,995 - INFO - [IYR] Loss: 0.4913
2025-07-22 17:20:07,559 - INFO - [SOXX] Loss: 0.4590
2025-07-22 17:20:11,871 - INFO - [SLV] Loss: 0.6674
2025-07-22 17:20:15,687 - INFO - [DBB] Loss: 0.6141
2025-07-22 17:20:19,907 - INFO - [EWZ] Loss: 0.6165
2025-07-22 17:20:24,428 - INFO - [SMH] Loss: 0.4730
2025-07-22 17:20:25,256 - INFO - [BND] Loss: 0.6877
2025-07-22 17:20:28,866 - INFO - [IWF] Loss: 0.3941
2025-07-22 17:20:33,079 - INFO - [XME] Loss: 0.5578
2025-07-22 17:20:36,556 - INFO - [VUG] Loss: 0.3877
2025-07-22 17:20:40,414 - INFO - [XLK] Loss: 0.4419
2025-07-22 17:20:41,890 - INFO - [LQD] Loss: 0.7222
2025-07-22 17:20:42,708 - INFO - [HYG] Loss: 0.6437
2025-07-22 17:20:45,619 - INFO - [GLD] Loss: 0.6433
2025-07-22 17:20:48,671 - INFO - [EFA] Loss: 0.5411
2025-07-22 17:20:51,661 - INFO - [VTI] Loss: 0.4241
2025-07-22 17:20:56,863 - INFO - [ARKK] Loss: 0.5252
2025-07-22 17:21:00,580 - INFO - [EWJ] Loss: 0.5533
2025-07-22 17:21:03,919 - INFO - [EEM] Loss: 0.5177
2025-07-22 17:21:08,683 - INFO - [URA] Loss: 0.5795
2025-07-22 17:21:12,968 - INFO - [XLE] Loss: 0.6034
2025-07-22 17:21:17,566 - INFO - [FXI] Loss: 0.6028
2025-07-22 17:21:20,804 - INFO - [ITA] Loss: 0.5575
2025-07-22 17:21:24,363 - INFO - [XLI] Loss: 0.4843
2025-07-22 17:21:27,685 - INFO - [XLU] Loss: 0.6099
2025-07-22 17:21:31,217 - INFO - [XLF] Loss: 0.4889
2025-07-22 17:21:33,918 - INFO - [USMV] Loss: 0.4797
2025-07-22 17:21:39,264 - INFO - [XRT] Loss: 0.5410
2025-07-22 17:21:42,949 - INFO - [VWO] Loss: 0.5013
2025-07-22 17:21:45,744 - INFO - [IWD] Loss: 0.4241
2025-07-22 17:21:49,033 - INFO - [VEA] Loss: 0.4529
2025-07-22 17:21:53,098 - INFO - [XLC] Loss: 0.4709
2025-07-22 17:21:57,165 - INFO - [XHB] Loss: 0.5102
2025-07-22 17:21:58,289 - INFO - [UUP] Loss: 0.6769
2025-07-22 17:22:01,807 - INFO - [TLT] Loss: 0.7306
2025-07-22 17:22:04,551 - INFO - [DIA] Loss: 0.4910
2025-07-22 17:22:08,432 - INFO - [IBB] Loss: 0.5642
2025-07-22 17:22:13,653 - INFO - [ARKW] Loss: 0.5189
2025-07-22 17:22:16,663 - INFO - [SPY] Loss: 0.4037
2025-07-22 17:22:20,008 - INFO - [MTUM] Loss: 0.4566
2025-07-22 17:22:23,829 - INFO - [IWM] Loss: 0.4778
2025-07-22 17:22:26,399 - INFO - [VTV] Loss: 0.4160
2025-07-22 17:22:29,799 - INFO - [XLB] Loss: 0.5097
2025-07-22 17:22:34,426 - INFO - [KWEB] Loss: 0.6048
2025-07-22 17:22:37,940 - INFO - [QQQ] Loss: 0.4325
2025-07-22 17:22:41,163 - INFO - [VNQ] Loss: 0.4644
2025-07-22 17:22:44,927 - INFO - [XLY] Loss: 0.4544
2025-07-22 17:22:49,163 - INFO - [XBI] Loss: 0.5652
2025-07-22 17:22:52,413 - INFO - [DBC] Loss: 0.6553
2025-07-22 17:22:55,027 - INFO - [XLV] Loss: 0.5895
